2015-06-10 02:04:34,210 [Worker-4] INFO  o.e.m.c.i.l.LifecycleMappingFactory - Using org.maven.ide.eclipse.wtp.WarLifecycleMapping lifecycle mapping for MavenProject: com.softserve.edu:web:1.0 @ C:\Users\Konyk\Desktop\Project\calibration-devices-system\web\pom.xml.
2015-06-10 02:04:34,231 [Worker-0] INFO  o.e.m.c.i.l.LifecycleMappingFactory - Using org.maven.ide.eclipse.wtp.WarLifecycleMapping lifecycle mapping for MavenProject: com.softserve.edu:web:1.0 @ C:\Users\Konyk\Desktop\Project\calibration-devices-system\web\pom.xml.
2015-06-10 02:04:47,580 [Worker-4] INFO  o.e.m.c.i.l.LifecycleMappingFactory - Using org.eclipse.m2e.jdt.JarLifecycleMapping lifecycle mapping for MavenProject: com.softserve.edu:service:1.0 @ C:\Users\Konyk\Desktop\Project\calibration-devices-system\service\pom.xml.
2015-06-10 02:04:47,938 [Worker-4] INFO  o.e.m.c.i.l.LifecycleMappingFactory - Using org.eclipse.m2e.jdt.JarLifecycleMapping lifecycle mapping for MavenProject: com.softserve.edu:repository:1.0 @ C:\Users\Konyk\Desktop\Project\calibration-devices-system\repository\pom.xml.
2015-06-10 02:05:01,034 [Worker-4] INFO  o.e.m.j.i.AbstractJavaProjectConfigurator - Adding source folder /repository/src/main/java
2015-06-10 02:05:01,037 [Worker-4] INFO  o.e.m.j.i.AbstractJavaProjectConfigurator - Adding source folder /repository/src/test/java
2015-06-10 02:05:01,352 [Worker-4] INFO  o.e.m.j.i.AbstractJavaProjectConfigurator - Adding source folder /service/src/main/java
2015-06-10 02:05:01,354 [Worker-4] INFO  o.e.m.j.i.AbstractJavaProjectConfigurator - Adding resource folder /service/src/main/resources
2015-06-10 02:05:01,355 [Worker-4] INFO  o.e.m.j.i.AbstractJavaProjectConfigurator - Adding source folder /service/src/test/java
2015-06-10 02:05:01,356 [Worker-4] INFO  o.e.m.j.i.AbstractJavaProjectConfigurator - Adding resource folder /service/src/test/resources
2015-06-10 02:05:01,665 [Worker-4] INFO  o.e.m.j.i.AbstractJavaProjectConfigurator - Adding source folder /web/src/main/java
2015-06-10 02:05:01,666 [Worker-4] INFO  o.e.m.j.i.AbstractJavaProjectConfigurator - Adding resource folder /web/src/main/resources
2015-06-10 02:05:01,668 [Worker-4] INFO  o.e.m.j.i.AbstractJavaProjectConfigurator - Adding source folder /web/src/test/java
2015-06-10 02:05:06,768 [Worker-4] INFO  o.e.m.c.i.p.ProjectConfigurationManager - Imported and configured 3 project(s) in 40 sec
2015-06-10 02:05:08,545 [Worker-7] INFO  o.e.m.c.i.l.LifecycleMappingFactory - Using org.maven.ide.eclipse.wtp.WarLifecycleMapping lifecycle mapping for MavenProject: com.softserve.edu:web:1.0 @ C:\Users\Konyk\Desktop\Project\calibration-devices-system\web\pom.xml.
2015-06-10 02:05:10,943 [Worker-7] INFO  o.e.m.c.i.l.LifecycleMappingFactory - Using org.eclipse.m2e.jdt.JarLifecycleMapping lifecycle mapping for MavenProject: com.softserve.edu:service:1.0 @ C:\Users\Konyk\Desktop\Project\calibration-devices-system\service\pom.xml.
2015-06-10 02:05:12,101 [Worker-7] INFO  o.e.m.c.i.l.LifecycleMappingFactory - Using org.eclipse.m2e.jdt.JarLifecycleMapping lifecycle mapping for MavenProject: com.softserve.edu:repository:1.0 @ C:\Users\Konyk\Desktop\Project\calibration-devices-system\repository\pom.xml.
2015-06-10 02:05:17,058 [Worker-0] INFO  o.e.m.c.i.l.LifecycleMappingFactory - Using org.eclipse.m2e.jdt.JarLifecycleMapping lifecycle mapping for MavenProject: com.softserve.edu:repository:1.0 @ C:\Users\Konyk\Desktop\Project\calibration-devices-system\repository\pom.xml.
2015-06-10 02:05:17,709 [Worker-0] INFO  o.e.m.c.i.embedder.EclipseLogger - Using 'UTF-8' encoding to copy filtered resources.
2015-06-10 02:05:17,710 [Worker-0] INFO  o.e.m.c.i.embedder.EclipseLogger - skip non existing resourceDirectory C:\Users\Konyk\Desktop\Project\calibration-devices-system\repository\src\main\resources
2015-06-10 02:05:17,718 [Worker-0] INFO  o.e.m.c.i.embedder.EclipseLogger - Using 'UTF-8' encoding to copy filtered resources.
2015-06-10 02:05:17,725 [Worker-0] INFO  o.e.m.c.i.embedder.EclipseLogger - skip non existing resourceDirectory C:\Users\Konyk\Desktop\Project\calibration-devices-system\repository\src\test\resources
2015-06-10 02:05:21,466 [Worker-0] INFO  o.e.m.c.i.l.LifecycleMappingFactory - Using org.eclipse.m2e.jdt.JarLifecycleMapping lifecycle mapping for MavenProject: com.softserve.edu:service:1.0 @ C:\Users\Konyk\Desktop\Project\calibration-devices-system\service\pom.xml.
2015-06-10 02:05:23,239 [Worker-0] INFO  o.e.m.c.i.embedder.EclipseLogger - Using 'UTF-8' encoding to copy filtered resources.
2015-06-10 02:05:23,251 [Worker-0] INFO  o.e.m.c.i.embedder.EclipseLogger - Copying 2 resources
2015-06-10 02:05:23,305 [Worker-0] INFO  o.e.m.c.i.embedder.EclipseLogger - Using 'UTF-8' encoding to copy filtered resources.
2015-06-10 02:05:23,328 [Worker-0] INFO  o.e.m.c.i.embedder.EclipseLogger - Copying 3 resources
2015-06-10 02:05:42,100 [Worker-10] INFO  o.e.m.c.i.embedder.EclipseLogger - Using 'UTF-8' encoding to copy filtered resources.
2015-06-10 02:05:42,112 [Worker-10] INFO  o.e.m.c.i.embedder.EclipseLogger - Copying 4 resources
2015-06-10 02:05:43,284 [Worker-10] INFO  o.e.m.c.i.embedder.EclipseLogger - Using 'UTF-8' encoding to copy filtered resources.
2015-06-10 02:05:43,287 [Worker-10] INFO  o.e.m.c.i.embedder.EclipseLogger - skip non existing resourceDirectory C:\Users\Konyk\Desktop\Project\calibration-devices-system\web\src\test\resources
